INFO 2025-09-25 20:48:24,047 views 18641 123145521086464 Выход: root
INFO 2025-09-25 20:57:44,900 views 18775 123145380835328 Вход: root
INFO 2025-09-25 22:16:48,661 views 19392 123145479114752 Выход: root
INFO 2025-09-25 22:17:04,617 views 19392 123145479114752 Вход: alex
INFO 2025-09-25 22:17:16,518 views 19392 123145479114752 Выход: alex
INFO 2025-09-25 22:17:30,371 views 19392 123145479114752 Вход: artem
INFO 2025-09-25 22:17:38,551 views 19392 123145479114752 Выход: artem
INFO 2025-09-25 22:17:48,598 views 19392 123145479114752 Вход: root
INFO 2025-09-25 22:20:44,084 views 19392 123145495904256 Выход: root
INFO 2025-09-25 22:21:04,871 views 19392 123145495904256 Вход: alex
INFO 2025-09-25 22:28:23,795 views 19657 123145440260096 Выход: alex
INFO 2025-09-25 22:28:36,262 views 19657 123145440260096 Вход: root
INFO 2025-09-25 22:28:48,526 views 19657 123145440260096 Выход: root
INFO 2025-09-26 07:08:39,043 views 20991 123145416052736 Вход: root
INFO 2025-09-26 09:15:47,712 views 20991 123145483210752 Выход: root
INFO 2025-09-26 09:16:03,987 views 20991 123145483210752 Вход: alex
INFO 2025-09-26 09:25:10,827 views 20991 123145449631744 Выход: alex
INFO 2025-09-26 09:25:20,847 views 20991 123145449631744 Вход: root
INFO 2025-09-26 09:25:32,869 views 20991 123145449631744 Выход: root
INFO 2025-09-26 09:25:43,117 views 20991 123145449631744 Вход: alex
INFO 2025-09-26 09:27:11,107 views 20991 123145432842240 Выход: alex
INFO 2025-09-26 09:27:20,806 views 20991 123145432842240 Вход: artem
INFO 2025-09-26 09:27:43,594 views 20991 123145432842240 Выход: artem
INFO 2025-09-26 09:29:18,557 views 20991 123145432842240 Вход: root
INFO 2025-09-26 09:58:18,491 views 21502 123145423572992 Выход: root
INFO 2025-09-26 09:58:31,265 views 21502 123145406783488 Вход: alex
INFO 2025-09-26 09:58:45,098 views 21502 123145423572992 Выход: alex
INFO 2025-09-26 09:58:54,360 views 21502 123145423572992 Вход: artem
INFO 2025-09-26 09:59:10,803 views 21502 123145423572992 Выход: artem
INFO 2025-09-26 10:00:50,796 views 21654 123145457037312 Вход: root
INFO 2025-09-26 10:01:00,032 views 21654 123145457037312 Выход: root
INFO 2025-09-26 10:02:30,257 views 21673 123145513082880 Вход: root
INFO 2025-09-26 10:02:32,966 views 21673 123145513082880 Выход: root
INFO 2025-09-26 10:02:46,636 views 21673 123145513082880 Вход: alex
INFO 2025-09-26 10:02:56,080 views 21673 123145513082880 Выход: alex
INFO 2025-09-26 10:03:21,505 views 21673 123145496293376 Вход: root
INFO 2025-09-26 10:03:24,116 views 21673 123145496293376 Выход: root
INFO 2025-09-26 10:03:33,384 views 21673 123145496293376 Вход: artem
INFO 2025-09-26 10:03:41,649 views 21673 123145513082880 Выход: artem
INFO 2025-09-26 10:39:57,857 views 22254 123145481625600 Выход: root
INFO 2025-09-26 10:40:11,671 views 22254 123145498415104 Вход: root
INFO 2025-09-26 10:43:51,694 views 22254 123145515204608 Выход: root
INFO 2025-09-26 10:44:11,122 views 22254 123145498415104 Вход: alex
INFO 2025-09-26 10:44:24,220 views 22254 123145515204608 Выход: alex
INFO 2025-09-26 10:44:32,940 views 22254 123145515204608 Вход: artem
INFO 2025-09-26 10:45:09,556 views 22254 123145515204608 Выход: artem
INFO 2025-09-26 10:45:24,238 views 22254 123145515204608 Вход: root
INFO 2025-09-26 10:48:43,152 views 22254 123145548783616 Выход: root
INFO 2025-09-26 10:48:56,581 views 22254 123145548783616 Вход: alex
INFO 2025-09-26 10:49:14,269 views 22254 123145498415104 Выход: alex
INFO 2025-09-26 10:49:23,621 views 22254 123145498415104 Вход: artem
INFO 2025-09-26 10:49:34,167 views 22254 123145531994112 Выход: artem
INFO 2025-09-26 12:30:07,116 views 23614 123145522991104 Вход: root
